  Newspaper.cpp
c:\users\aulick\source\repos\newspaper\newspaper\newspaper.cpp(114): warning C4244: 'return': conversion from 'double' to 'GLfloat', possible loss of data
c:\users\aulick\source\repos\newspaper\newspaper\newspaper.cpp(115): warning C4244: 'return': conversion from 'double' to 'GLfloat', possible loss of data
c:\users\aulick\source\repos\newspaper\newspaper\newspaper.cpp(401): warning C4244: '=': conversion from 'double' to 'GLfloat', possible loss of data
c:\users\aulick\source\repos\newspaper\newspaper\newspaper.cpp(402): warning C4244: '=': conversion from 'double' to 'GLfloat', possible loss of data
c:\users\aulick\source\repos\newspaper\newspaper\newspaper.cpp(404): warning C4244: '=': conversion from 'double' to 'GLfloat', possible loss of data
c:\users\aulick\source\repos\newspaper\newspaper\newspaper.cpp(413): warning C4244: '=': conversion from 'double' to 'GLfloat', possible loss of data
c:\users\aulick\source\repos\newspaper\newspaper\newspaper.cpp(414): warning C4244: 'argument': conversion from 'double' to 'GLfloat', possible loss of data
c:\users\aulick\source\repos\newspaper\newspaper\newspaper.cpp(415): warning C4244: 'argument': conversion from 'double' to 'GLfloat', possible loss of data
c:\users\aulick\source\repos\newspaper\newspaper\newspaper.cpp(416): warning C4244: 'argument': conversion from 'double' to 'GLfloat', possible loss of data
c:\users\aulick\source\repos\newspaper\newspaper\newspaper.cpp(417): warning C4244: 'argument': conversion from 'double' to 'GLfloat', possible loss of data
c:\users\aulick\source\repos\newspaper\newspaper\newspaper.cpp(423): warning C4244: '=': conversion from 'double' to 'GLfloat', possible loss of data
c:\users\aulick\source\repos\newspaper\newspaper\newspaper.cpp(425): warning C4244: '=': conversion from 'double' to 'GLfloat', possible loss of data
c:\users\aulick\source\repos\newspaper\newspaper\newspaper.cpp(427): warning C4244: 'argument': conversion from 'double' to 'GLfloat', possible loss of data
c:\users\aulick\source\repos\newspaper\newspaper\newspaper.cpp(428): warning C4244: 'argument': conversion from 'double' to 'GLfloat', possible loss of data
c:\users\aulick\source\repos\newspaper\newspaper\newspaper.cpp(429): warning C4244: 'argument': conversion from 'double' to 'GLfloat', possible loss of data
c:\users\aulick\source\repos\newspaper\newspaper\newspaper.cpp(430): warning C4244: 'argument': conversion from 'double' to 'GLfloat', possible loss of data
c:\users\aulick\source\repos\newspaper\newspaper\newspaper.cpp(440): warning C4244: '=': conversion from 'double' to 'GLfloat', possible loss of data
c:\users\aulick\source\repos\newspaper\newspaper\newspaper.cpp(441): warning C4244: 'argument': conversion from 'double' to 'GLfloat', possible loss of data
c:\users\aulick\source\repos\newspaper\newspaper\newspaper.cpp(442): warning C4244: 'argument': conversion from 'double' to 'GLfloat', possible loss of data
c:\users\aulick\source\repos\newspaper\newspaper\newspaper.cpp(443): warning C4244: 'argument': conversion from 'double' to 'GLfloat', possible loss of data
c:\users\aulick\source\repos\newspaper\newspaper\newspaper.cpp(444): warning C4244: 'argument': conversion from 'double' to 'GLfloat', possible loss of data
c:\users\aulick\source\repos\newspaper\newspaper\newspaper.cpp(450): warning C4244: '=': conversion from 'double' to 'GLfloat', possible loss of data
c:\users\aulick\source\repos\newspaper\newspaper\newspaper.cpp(452): warning C4244: '=': conversion from 'double' to 'GLfloat', possible loss of data
c:\users\aulick\source\repos\newspaper\newspaper\newspaper.cpp(454): warning C4244: 'argument': conversion from 'double' to 'GLfloat', possible loss of data
c:\users\aulick\source\repos\newspaper\newspaper\newspaper.cpp(455): warning C4244: 'argument': conversion from 'double' to 'GLfloat', possible loss of data
c:\users\aulick\source\repos\newspaper\newspaper\newspaper.cpp(456): warning C4244: 'argument': conversion from 'double' to 'GLfloat', possible loss of data
c:\users\aulick\source\repos\newspaper\newspaper\newspaper.cpp(457): warning C4244: 'argument': conversion from 'double' to 'GLfloat', possible loss of data
c:\users\aulick\source\repos\newspaper\newspaper\newspaper.cpp(465): warning C4244: '=': conversion from 'double' to 'GLfloat', possible loss of data
c:\users\aulick\source\repos\newspaper\newspaper\newspaper.cpp(467): warning C4244: 'argument': conversion from 'double' to 'GLfloat', possible loss of data
c:\users\aulick\source\repos\newspaper\newspaper\newspaper.cpp(468): warning C4244: 'argument': conversion from 'double' to 'GLfloat', possible loss of data
c:\users\aulick\source\repos\newspaper\newspaper\newspaper.cpp(469): warning C4244: '=': conversion from 'double' to 'GLfloat', possible loss of data
c:\users\aulick\source\repos\newspaper\newspaper\newspaper.cpp(470): warning C4244: '=': conversion from 'double' to 'GLfloat', possible loss of data
c:\users\aulick\source\repos\newspaper\newspaper\newspaper.cpp(471): warning C4244: '=': conversion from 'double' to 'GLfloat', possible loss of data
c:\users\aulick\source\repos\newspaper\newspaper\newspaper.cpp(475): warning C4244: 'argument': conversion from 'double' to 'GLfloat', possible loss of data
c:\users\aulick\source\repos\newspaper\newspaper\newspaper.cpp(476): warning C4244: 'argument': conversion from 'double' to 'GLfloat', possible loss of data
c:\users\aulick\source\repos\newspaper\newspaper\newspaper.cpp(477): warning C4244: 'argument': conversion from 'double' to 'GLfloat', possible loss of data
c:\users\aulick\source\repos\newspaper\newspaper\newspaper.cpp(478): warning C4244: 'argument': conversion from 'double' to 'GLfloat', possible loss of data
c:\users\aulick\source\repos\newspaper\newspaper\newspaper.cpp(479): warning C4244: 'argument': conversion from 'double' to 'GLfloat', possible loss of data
c:\users\aulick\source\repos\newspaper\newspaper\newspaper.cpp(480): warning C4244: '=': conversion from 'double' to 'GLfloat', possible loss of data
c:\users\aulick\source\repos\newspaper\newspaper\newspaper.cpp(481): warning C4244: '=': conversion from 'double' to 'GLfloat', possible loss of data
c:\users\aulick\source\repos\newspaper\newspaper\newspaper.cpp(483): warning C4244: 'argument': conversion from 'double' to 'GLfloat', possible loss of data
c:\users\aulick\source\repos\newspaper\newspaper\newspaper.cpp(484): warning C4244: 'argument': conversion from 'double' to 'GLfloat', possible loss of data
c:\users\aulick\source\repos\newspaper\newspaper\newspaper.cpp(485): warning C4244: 'argument': conversion from 'double' to 'GLfloat', possible loss of data
c:\users\aulick\source\repos\newspaper\newspaper\newspaper.cpp(488): warning C4244: 'argument': conversion from 'double' to 'GLfloat', possible loss of data
c:\users\aulick\source\repos\newspaper\newspaper\newspaper.cpp(489): warning C4244: 'argument': conversion from 'double' to 'GLfloat', possible loss of data
c:\users\aulick\source\repos\newspaper\newspaper\newspaper.cpp(499): warning C4244: '=': conversion from 'double' to 'GLfloat', possible loss of data
c:\users\aulick\source\repos\newspaper\newspaper\newspaper.cpp(500): warning C4244: 'argument': conversion from 'double' to 'GLfloat', possible loss of data
c:\users\aulick\source\repos\newspaper\newspaper\newspaper.cpp(501): warning C4244: 'argument': conversion from 'double' to 'GLfloat', possible loss of data
c:\users\aulick\source\repos\newspaper\newspaper\newspaper.cpp(502): warning C4244: 'argument': conversion from 'double' to 'GLfloat', possible loss of data
c:\users\aulick\source\repos\newspaper\newspaper\newspaper.cpp(713): warning C4244: 'argument': conversion from 'int' to 'GLfloat', possible loss of data
c:\users\aulick\source\repos\newspaper\newspaper\newspaper.cpp(832): warning C4305: 'argument': truncation from 'double' to 'GLfloat'
c:\users\aulick\source\repos\newspaper\newspaper\newspaper.cpp(833): warning C4305: 'argument': truncation from 'double' to 'GLfloat'
c:\users\aulick\source\repos\newspaper\newspaper\newspaper.cpp(834): warning C4305: 'argument': truncation from 'double' to 'GLfloat'
c:\users\aulick\source\repos\newspaper\newspaper\newspaper.cpp(835): warning C4305: 'argument': truncation from 'double' to 'GLfloat'
c:\users\aulick\source\repos\newspaper\newspaper\newspaper.cpp(836): warning C4305: 'argument': truncation from 'double' to 'GLfloat'
c:\users\aulick\source\repos\newspaper\newspaper\newspaper.cpp(840): warning C4305: 'argument': truncation from 'double' to 'GLfloat'
c:\users\aulick\source\repos\newspaper\newspaper\newspaper.cpp(841): warning C4305: 'argument': truncation from 'double' to 'GLfloat'
c:\users\aulick\source\repos\newspaper\newspaper\newspaper.cpp(842): warning C4305: 'argument': truncation from 'double' to 'GLfloat'
c:\users\aulick\source\repos\newspaper\newspaper\newspaper.cpp(843): warning C4305: 'argument': truncation from 'double' to 'GLfloat'
c:\users\aulick\source\repos\newspaper\newspaper\newspaper.cpp(844): warning C4305: 'argument': truncation from 'double' to 'GLfloat'
c:\users\aulick\source\repos\newspaper\newspaper\newspaper.cpp(851): warning C4305: 'argument': truncation from 'double' to 'GLfloat'
c:\users\aulick\source\repos\newspaper\newspaper\newspaper.cpp(852): warning C4305: 'argument': truncation from 'double' to 'GLfloat'
c:\users\aulick\source\repos\newspaper\newspaper\newspaper.cpp(853): warning C4305: 'argument': truncation from 'double' to 'GLfloat'
c:\users\aulick\source\repos\newspaper\newspaper\newspaper.cpp(854): warning C4305: 'argument': truncation from 'double' to 'GLfloat'
c:\users\aulick\source\repos\newspaper\newspaper\newspaper.cpp(861): warning C4305: 'argument': truncation from 'double' to 'GLfloat'
c:\users\aulick\source\repos\newspaper\newspaper\newspaper.cpp(862): warning C4305: 'argument': truncation from 'double' to 'GLfloat'
c:\users\aulick\source\repos\newspaper\newspaper\newspaper.cpp(872): warning C4305: 'argument': truncation from 'double' to 'GLfloat'
c:\users\aulick\source\repos\newspaper\newspaper\newspaper.cpp(873): warning C4305: 'argument': truncation from 'double' to 'GLfloat'
c:\users\aulick\source\repos\newspaper\newspaper\newspaper.cpp(874): warning C4305: 'argument': truncation from 'double' to 'GLfloat'
c:\users\aulick\source\repos\newspaper\newspaper\newspaper.cpp(875): warning C4305: 'argument': truncation from 'double' to 'GLfloat'
c:\users\aulick\source\repos\newspaper\newspaper\newspaper.cpp(882): warning C4305: 'argument': truncation from 'double' to 'GLfloat'
c:\users\aulick\source\repos\newspaper\newspaper\newspaper.cpp(883): warning C4305: 'argument': truncation from 'double' to 'GLfloat'
c:\users\aulick\source\repos\newspaper\newspaper\newspaper.cpp(884): warning C4305: 'argument': truncation from 'double' to 'GLfloat'
c:\users\aulick\source\repos\newspaper\newspaper\newspaper.cpp(885): warning C4305: 'argument': truncation from 'double' to 'GLfloat'
c:\users\aulick\source\repos\newspaper\newspaper\newspaper.cpp(894): warning C4305: 'argument': truncation from 'double' to 'GLfloat'
c:\users\aulick\source\repos\newspaper\newspaper\newspaper.cpp(895): warning C4305: 'argument': truncation from 'double' to 'GLfloat'
c:\users\aulick\source\repos\newspaper\newspaper\newspaper.cpp(902): warning C4305: 'argument': truncation from 'double' to 'GLfloat'
c:\users\aulick\source\repos\newspaper\newspaper\newspaper.cpp(903): warning C4305: 'argument': truncation from 'double' to 'GLfloat'
c:\users\aulick\source\repos\newspaper\newspaper\newspaper.cpp(910): warning C4305: 'argument': truncation from 'double' to 'GLfloat'
c:\users\aulick\source\repos\newspaper\newspaper\newspaper.cpp(911): warning C4305: 'argument': truncation from 'double' to 'GLfloat'
c:\users\aulick\source\repos\newspaper\newspaper\newspaper.cpp(918): warning C4305: 'argument': truncation from 'double' to 'GLfloat'
c:\users\aulick\source\repos\newspaper\newspaper\newspaper.cpp(919): warning C4305: 'argument': truncation from 'double' to 'GLfloat'
c:\users\aulick\source\repos\newspaper\newspaper\newspaper.cpp(927): warning C4305: 'argument': truncation from 'double' to 'GLfloat'
c:\users\aulick\source\repos\newspaper\newspaper\newspaper.cpp(928): warning C4305: 'argument': truncation from 'double' to 'GLfloat'
c:\users\aulick\source\repos\newspaper\newspaper\newspaper.cpp(935): warning C4305: 'argument': truncation from 'double' to 'GLfloat'
c:\users\aulick\source\repos\newspaper\newspaper\newspaper.cpp(936): warning C4305: 'argument': truncation from 'double' to 'GLfloat'
c:\users\aulick\source\repos\newspaper\newspaper\newspaper.cpp(943): warning C4305: 'argument': truncation from 'double' to 'GLfloat'
c:\users\aulick\source\repos\newspaper\newspaper\newspaper.cpp(944): warning C4305: 'argument': truncation from 'double' to 'GLfloat'
c:\users\aulick\source\repos\newspaper\newspaper\newspaper.cpp(950): warning C4305: 'argument': truncation from 'double' to 'GLfloat'
c:\users\aulick\source\repos\newspaper\newspaper\newspaper.cpp(951): warning C4305: 'argument': truncation from 'double' to 'GLfloat'
c:\users\aulick\source\repos\newspaper\newspaper\newspaper.cpp(958): warning C4305: 'argument': truncation from 'double' to 'GLfloat'
c:\users\aulick\source\repos\newspaper\newspaper\newspaper.cpp(959): warning C4305: 'argument': truncation from 'double' to 'GLfloat'
c:\users\aulick\source\repos\newspaper\newspaper\newspaper.cpp(966): warning C4305: 'argument': truncation from 'double' to 'GLfloat'
c:\users\aulick\source\repos\newspaper\newspaper\newspaper.cpp(967): warning C4305: 'argument': truncation from 'double' to 'GLfloat'
c:\users\aulick\source\repos\newspaper\newspaper\newspaper.cpp(974): warning C4305: 'argument': truncation from 'double' to 'GLfloat'
c:\users\aulick\source\repos\newspaper\newspaper\newspaper.cpp(975): warning C4305: 'argument': truncation from 'double' to 'GLfloat'
c:\users\aulick\source\repos\newspaper\newspaper\newspaper.cpp(1010): warning C4305: 'argument': truncation from 'double' to 'float'
c:\users\aulick\source\repos\newspaper\newspaper\newspaper.cpp(1082): warning C4305: 'argument': truncation from 'double' to 'GLfloat'
c:\users\aulick\source\repos\newspaper\newspaper\newspaper.cpp(1090): warning C4305: 'argument': truncation from 'double' to 'GLfloat'
c:\users\aulick\source\repos\newspaper\newspaper\newspaper.cpp(1091): warning C4305: 'argument': truncation from 'double' to 'GLfloat'
c:\users\aulick\source\repos\newspaper\newspaper\newspaper.cpp(1098): warning C4305: 'argument': truncation from 'double' to 'GLfloat'
c:\users\aulick\source\repos\newspaper\newspaper\newspaper.cpp(1099): warning C4305: 'argument': truncation from 'double' to 'GLfloat'
c:\users\aulick\source\repos\newspaper\newspaper\newspaper.cpp(1107): warning C4305: 'argument': truncation from 'double' to 'GLfloat'
c:\users\aulick\source\repos\newspaper\newspaper\newspaper.cpp(1109): warning C4305: 'argument': truncation from 'double' to 'GLfloat'
c:\users\aulick\source\repos\newspaper\newspaper\newspaper.cpp(1122): warning C4305: 'argument': truncation from 'double' to 'GLfloat'
c:\users\aulick\source\repos\newspaper\newspaper\newspaper.cpp(1130): warning C4305: 'argument': truncation from 'double' to 'GLfloat'
c:\users\aulick\source\repos\newspaper\newspaper\newspaper.cpp(1138): warning C4305: 'argument': truncation from 'double' to 'GLfloat'
c:\users\aulick\source\repos\newspaper\newspaper\newspaper.cpp(1147): warning C4305: 'argument': truncation from 'double' to 'GLfloat'
c:\users\aulick\source\repos\newspaper\newspaper\newspaper.cpp(1155): warning C4305: 'argument': truncation from 'double' to 'GLfloat'
c:\users\aulick\source\repos\newspaper\newspaper\newspaper.cpp(1162): warning C4305: 'argument': truncation from 'double' to 'GLfloat'
c:\users\aulick\source\repos\newspaper\newspaper\newspaper.cpp(1169): warning C4305: 'argument': truncation from 'double' to 'GLfloat'
c:\users\aulick\source\repos\newspaper\newspaper\newspaper.cpp(1170): warning C4305: 'argument': truncation from 'double' to 'GLfloat'
c:\users\aulick\source\repos\newspaper\newspaper\newspaper.cpp(1177): warning C4305: 'argument': truncation from 'double' to 'GLfloat'
c:\users\aulick\source\repos\newspaper\newspaper\newspaper.cpp(1178): warning C4305: 'argument': truncation from 'double' to 'GLfloat'
c:\users\aulick\source\repos\newspaper\newspaper\newspaper.cpp(1185): warning C4305: 'argument': truncation from 'double' to 'GLfloat'
c:\users\aulick\source\repos\newspaper\newspaper\newspaper.cpp(1186): warning C4305: 'argument': truncation from 'double' to 'GLfloat'
c:\users\aulick\source\repos\newspaper\newspaper\newspaper.cpp(1193): warning C4305: 'argument': truncation from 'double' to 'GLfloat'
c:\users\aulick\source\repos\newspaper\newspaper\newspaper.cpp(1194): warning C4305: 'argument': truncation from 'double' to 'GLfloat'
c:\users\aulick\source\repos\newspaper\newspaper\newspaper.cpp(1201): warning C4305: 'argument': truncation from 'double' to 'GLfloat'
c:\users\aulick\source\repos\newspaper\newspaper\newspaper.cpp(1202): warning C4305: 'argument': truncation from 'double' to 'GLfloat'
c:\users\aulick\source\repos\newspaper\newspaper\newspaper.cpp(1209): warning C4305: 'argument': truncation from 'double' to 'GLfloat'
c:\users\aulick\source\repos\newspaper\newspaper\newspaper.cpp(1210): warning C4305: 'argument': truncation from 'double' to 'GLfloat'
c:\users\aulick\source\repos\newspaper\newspaper\newspaper.cpp(1221): warning C4305: 'argument': truncation from 'double' to 'GLfloat'
c:\users\aulick\source\repos\newspaper\newspaper\newspaper.cpp(1222): warning C4305: 'argument': truncation from 'double' to 'GLfloat'
c:\users\aulick\source\repos\newspaper\newspaper\newspaper.cpp(1302): warning C4305: 'argument': truncation from 'double' to 'GLfloat'
c:\users\aulick\source\repos\newspaper\newspaper\newspaper.cpp(1303): warning C4305: 'argument': truncation from 'double' to 'GLfloat'
c:\users\aulick\source\repos\newspaper\newspaper\newspaper.cpp(1304): warning C4305: 'argument': truncation from 'double' to 'GLfloat'
c:\users\aulick\source\repos\newspaper\newspaper\newspaper.cpp(1305): warning C4305: 'argument': truncation from 'double' to 'GLfloat'
c:\users\aulick\source\repos\newspaper\newspaper\newspaper.cpp(1311): warning C4305: 'argument': truncation from 'double' to 'GLfloat'
c:\users\aulick\source\repos\newspaper\newspaper\newspaper.cpp(1312): warning C4305: 'argument': truncation from 'double' to 'GLfloat'
c:\users\aulick\source\repos\newspaper\newspaper\newspaper.cpp(1313): warning C4305: 'argument': truncation from 'double' to 'GLfloat'
c:\users\aulick\source\repos\newspaper\newspaper\newspaper.cpp(1336): warning C4305: 'argument': truncation from 'double' to 'GLfloat'
c:\users\aulick\source\repos\newspaper\newspaper\newspaper.cpp(1337): warning C4305: 'argument': truncation from 'double' to 'GLfloat'
c:\users\aulick\source\repos\newspaper\newspaper\newspaper.cpp(1338): warning C4305: 'argument': truncation from 'double' to 'GLfloat'
c:\users\aulick\source\repos\newspaper\newspaper\newspaper.cpp(1339): warning C4305: 'argument': truncation from 'double' to 'GLfloat'
c:\users\aulick\source\repos\newspaper\newspaper\newspaper.cpp(1345): warning C4305: 'argument': truncation from 'double' to 'GLfloat'
c:\users\aulick\source\repos\newspaper\newspaper\newspaper.cpp(1346): warning C4305: 'argument': truncation from 'double' to 'GLfloat'
c:\users\aulick\source\repos\newspaper\newspaper\newspaper.cpp(1347): warning C4305: 'argument': truncation from 'double' to 'GLfloat'
c:\users\aulick\source\repos\newspaper\newspaper\newspaper.cpp(1348): warning C4305: 'argument': truncation from 'double' to 'GLfloat'
c:\users\aulick\source\repos\newspaper\newspaper\newspaper.cpp(1353): warning C4305: 'argument': truncation from 'double' to 'GLfloat'
c:\users\aulick\source\repos\newspaper\newspaper\newspaper.cpp(1354): warning C4305: 'argument': truncation from 'double' to 'GLfloat'
c:\users\aulick\source\repos\newspaper\newspaper\newspaper.cpp(1355): warning C4305: 'argument': truncation from 'double' to 'GLfloat'
c:\users\aulick\source\repos\newspaper\newspaper\newspaper.cpp(1356): warning C4305: 'argument': truncation from 'double' to 'GLfloat'
c:\users\aulick\source\repos\newspaper\newspaper\newspaper.cpp(1361): warning C4305: 'argument': truncation from 'double' to 'GLfloat'
c:\users\aulick\source\repos\newspaper\newspaper\newspaper.cpp(1362): warning C4305: 'argument': truncation from 'double' to 'GLfloat'
c:\users\aulick\source\repos\newspaper\newspaper\newspaper.cpp(1363): warning C4305: 'argument': truncation from 'double' to 'GLfloat'
c:\users\aulick\source\repos\newspaper\newspaper\newspaper.cpp(1364): warning C4305: 'argument': truncation from 'double' to 'GLfloat'
c:\users\aulick\source\repos\newspaper\newspaper\newspaper.cpp(1369): warning C4305: 'argument': truncation from 'double' to 'GLfloat'
c:\users\aulick\source\repos\newspaper\newspaper\newspaper.cpp(1370): warning C4305: 'argument': truncation from 'double' to 'GLfloat'
c:\users\aulick\source\repos\newspaper\newspaper\newspaper.cpp(1371): warning C4305: 'argument': truncation from 'double' to 'GLfloat'
c:\users\aulick\source\repos\newspaper\newspaper\newspaper.cpp(1372): warning C4305: 'argument': truncation from 'double' to 'GLfloat'
c:\users\aulick\source\repos\newspaper\newspaper\newspaper.cpp(1377): warning C4305: 'argument': truncation from 'double' to 'GLfloat'
c:\users\aulick\source\repos\newspaper\newspaper\newspaper.cpp(1378): warning C4305: 'argument': truncation from 'double' to 'GLfloat'
c:\users\aulick\source\repos\newspaper\newspaper\newspaper.cpp(1379): warning C4305: 'argument': truncation from 'double' to 'GLfloat'
c:\users\aulick\source\repos\newspaper\newspaper\newspaper.cpp(1380): warning C4305: 'argument': truncation from 'double' to 'GLfloat'
c:\users\aulick\source\repos\newspaper\newspaper\newspaper.cpp(1385): warning C4305: 'argument': truncation from 'double' to 'GLfloat'
c:\users\aulick\source\repos\newspaper\newspaper\newspaper.cpp(1386): warning C4305: 'argument': truncation from 'double' to 'GLfloat'
c:\users\aulick\source\repos\newspaper\newspaper\newspaper.cpp(1387): warning C4305: 'argument': truncation from 'double' to 'GLfloat'
c:\users\aulick\source\repos\newspaper\newspaper\newspaper.cpp(1388): warning C4305: 'argument': truncation from 'double' to 'GLfloat'
c:\users\aulick\source\repos\newspaper\newspaper\newspaper.cpp(1394): warning C4305: 'argument': truncation from 'double' to 'GLfloat'
c:\users\aulick\source\repos\newspaper\newspaper\newspaper.cpp(1395): warning C4305: 'argument': truncation from 'double' to 'GLfloat'
c:\users\aulick\source\repos\newspaper\newspaper\newspaper.cpp(1396): warning C4305: 'argument': truncation from 'double' to 'GLfloat'
c:\users\aulick\source\repos\newspaper\newspaper\newspaper.cpp(1397): warning C4305: 'argument': truncation from 'double' to 'GLfloat'
c:\users\aulick\source\repos\newspaper\newspaper\newspaper.cpp(1402): warning C4305: 'argument': truncation from 'double' to 'GLfloat'
c:\users\aulick\source\repos\newspaper\newspaper\newspaper.cpp(1403): warning C4305: 'argument': truncation from 'double' to 'GLfloat'
c:\users\aulick\source\repos\newspaper\newspaper\newspaper.cpp(1404): warning C4305: 'argument': truncation from 'double' to 'GLfloat'
c:\users\aulick\source\repos\newspaper\newspaper\newspaper.cpp(1405): warning C4305: 'argument': truncation from 'double' to 'GLfloat'
c:\users\aulick\source\repos\newspaper\newspaper\newspaper.cpp(1411): warning C4305: 'argument': truncation from 'double' to 'GLfloat'
c:\users\aulick\source\repos\newspaper\newspaper\newspaper.cpp(1412): warning C4305: 'argument': truncation from 'double' to 'GLfloat'
c:\users\aulick\source\repos\newspaper\newspaper\newspaper.cpp(1413): warning C4305: 'argument': truncation from 'double' to 'GLfloat'
c:\users\aulick\source\repos\newspaper\newspaper\newspaper.cpp(1414): warning C4305: 'argument': truncation from 'double' to 'GLfloat'
c:\users\aulick\source\repos\newspaper\newspaper\newspaper.cpp(1419): warning C4305: 'argument': truncation from 'double' to 'GLfloat'
c:\users\aulick\source\repos\newspaper\newspaper\newspaper.cpp(1420): warning C4305: 'argument': truncation from 'double' to 'GLfloat'
c:\users\aulick\source\repos\newspaper\newspaper\newspaper.cpp(1421): warning C4305: 'argument': truncation from 'double' to 'GLfloat'
c:\users\aulick\source\repos\newspaper\newspaper\newspaper.cpp(1422): warning C4305: 'argument': truncation from 'double' to 'GLfloat'
c:\users\aulick\source\repos\newspaper\newspaper\newspaper.cpp(1427): warning C4305: 'argument': truncation from 'double' to 'GLfloat'
c:\users\aulick\source\repos\newspaper\newspaper\newspaper.cpp(1428): warning C4305: 'argument': truncation from 'double' to 'GLfloat'
c:\users\aulick\source\repos\newspaper\newspaper\newspaper.cpp(1429): warning C4305: 'argument': truncation from 'double' to 'GLfloat'
c:\users\aulick\source\repos\newspaper\newspaper\newspaper.cpp(1430): warning C4305: 'argument': truncation from 'double' to 'GLfloat'
c:\users\aulick\source\repos\newspaper\newspaper\newspaper.cpp(1435): warning C4305: 'argument': truncation from 'double' to 'GLfloat'
c:\users\aulick\source\repos\newspaper\newspaper\newspaper.cpp(1436): warning C4305: 'argument': truncation from 'double' to 'GLfloat'
c:\users\aulick\source\repos\newspaper\newspaper\newspaper.cpp(1437): warning C4305: 'argument': truncation from 'double' to 'GLfloat'
c:\users\aulick\source\repos\newspaper\newspaper\newspaper.cpp(1438): warning C4305: 'argument': truncation from 'double' to 'GLfloat'
c:\users\aulick\source\repos\newspaper\newspaper\newspaper.cpp(1442): warning C4305: 'argument': truncation from 'double' to 'GLfloat'
c:\users\aulick\source\repos\newspaper\newspaper\newspaper.cpp(1443): warning C4305: 'argument': truncation from 'double' to 'GLfloat'
c:\users\aulick\source\repos\newspaper\newspaper\newspaper.cpp(1444): warning C4305: 'argument': truncation from 'double' to 'GLfloat'
c:\users\aulick\source\repos\newspaper\newspaper\newspaper.cpp(1445): warning C4305: 'argument': truncation from 'double' to 'GLfloat'
c:\users\aulick\source\repos\newspaper\newspaper\newspaper.cpp(1451): warning C4305: 'argument': truncation from 'double' to 'GLfloat'
c:\users\aulick\source\repos\newspaper\newspaper\newspaper.cpp(1452): warning C4305: 'argument': truncation from 'double' to 'GLfloat'
c:\users\aulick\source\repos\newspaper\newspaper\newspaper.cpp(1453): warning C4305: 'argument': truncation from 'double' to 'GLfloat'
c:\users\aulick\source\repos\newspaper\newspaper\newspaper.cpp(1454): warning C4305: 'argument': truncation from 'double' to 'GLfloat'
c:\users\aulick\source\repos\newspaper\newspaper\newspaper.cpp(1461): warning C4305: 'argument': truncation from 'double' to 'GLfloat'
c:\users\aulick\source\repos\newspaper\newspaper\newspaper.cpp(1462): warning C4305: 'argument': truncation from 'double' to 'GLfloat'
c:\users\aulick\source\repos\newspaper\newspaper\newspaper.cpp(1469): warning C4305: 'argument': truncation from 'double' to 'GLfloat'
c:\users\aulick\source\repos\newspaper\newspaper\newspaper.cpp(1470): warning C4305: 'argument': truncation from 'double' to 'GLfloat'
c:\users\aulick\source\repos\newspaper\newspaper\newspaper.cpp(1476): warning C4305: 'argument': truncation from 'double' to 'GLfloat'
c:\users\aulick\source\repos\newspaper\newspaper\newspaper.cpp(1477): warning C4305: 'argument': truncation from 'double' to 'GLfloat'
c:\users\aulick\source\repos\newspaper\newspaper\newspaper.cpp(1478): warning C4305: 'argument': truncation from 'double' to 'GLfloat'
c:\users\aulick\source\repos\newspaper\newspaper\newspaper.cpp(1479): warning C4305: 'argument': truncation from 'double' to 'GLfloat'
c:\users\aulick\source\repos\newspaper\newspaper\newspaper.cpp(1486): warning C4305: 'argument': truncation from 'double' to 'GLfloat'
c:\users\aulick\source\repos\newspaper\newspaper\newspaper.cpp(1487): warning C4305: 'argument': truncation from 'double' to 'GLfloat'
c:\users\aulick\source\repos\newspaper\newspaper\newspaper.cpp(1488): warning C4305: 'argument': truncation from 'double' to 'GLfloat'
c:\users\aulick\source\repos\newspaper\newspaper\newspaper.cpp(1489): warning C4305: 'argument': truncation from 'double' to 'GLfloat'
c:\users\aulick\source\repos\newspaper\newspaper\newspaper.cpp(1493): warning C4305: 'argument': truncation from 'double' to 'GLfloat'
c:\users\aulick\source\repos\newspaper\newspaper\newspaper.cpp(1494): warning C4305: 'argument': truncation from 'double' to 'GLfloat'
c:\users\aulick\source\repos\newspaper\newspaper\newspaper.cpp(1495): warning C4305: 'argument': truncation from 'double' to 'GLfloat'
c:\users\aulick\source\repos\newspaper\newspaper\newspaper.cpp(1496): warning C4305: 'argument': truncation from 'double' to 'GLfloat'
c:\users\aulick\source\repos\newspaper\newspaper\newspaper.cpp(1501): warning C4305: 'argument': truncation from 'double' to 'GLfloat'
c:\users\aulick\source\repos\newspaper\newspaper\newspaper.cpp(1502): warning C4305: 'argument': truncation from 'double' to 'GLfloat'
c:\users\aulick\source\repos\newspaper\newspaper\newspaper.cpp(1503): warning C4305: 'argument': truncation from 'double' to 'GLfloat'
c:\users\aulick\source\repos\newspaper\newspaper\newspaper.cpp(1504): warning C4305: 'argument': truncation from 'double' to 'GLfloat'
c:\users\aulick\source\repos\newspaper\newspaper\newspaper.cpp(1509): warning C4305: 'argument': truncation from 'double' to 'GLfloat'
c:\users\aulick\source\repos\newspaper\newspaper\newspaper.cpp(1510): warning C4305: 'argument': truncation from 'double' to 'GLfloat'
c:\users\aulick\source\repos\newspaper\newspaper\newspaper.cpp(1511): warning C4305: 'argument': truncation from 'double' to 'GLfloat'
c:\users\aulick\source\repos\newspaper\newspaper\newspaper.cpp(1512): warning C4305: 'argument': truncation from 'double' to 'GLfloat'
c:\users\aulick\source\repos\newspaper\newspaper\newspaper.cpp(1518): warning C4305: 'argument': truncation from 'double' to 'GLfloat'
c:\users\aulick\source\repos\newspaper\newspaper\newspaper.cpp(1519): warning C4305: 'argument': truncation from 'double' to 'GLfloat'
c:\users\aulick\source\repos\newspaper\newspaper\newspaper.cpp(1520): warning C4305: 'argument': truncation from 'double' to 'GLfloat'
c:\users\aulick\source\repos\newspaper\newspaper\newspaper.cpp(1521): warning C4305: 'argument': truncation from 'double' to 'GLfloat'
c:\users\aulick\source\repos\newspaper\newspaper\newspaper.cpp(1526): warning C4305: 'argument': truncation from 'double' to 'GLfloat'
c:\users\aulick\source\repos\newspaper\newspaper\newspaper.cpp(1527): warning C4305: 'argument': truncation from 'double' to 'GLfloat'
c:\users\aulick\source\repos\newspaper\newspaper\newspaper.cpp(1528): warning C4305: 'argument': truncation from 'double' to 'GLfloat'
c:\users\aulick\source\repos\newspaper\newspaper\newspaper.cpp(1529): warning C4305: 'argument': truncation from 'double' to 'GLfloat'
c:\users\aulick\source\repos\newspaper\newspaper\newspaper.cpp(1534): warning C4305: 'argument': truncation from 'double' to 'GLfloat'
c:\users\aulick\source\repos\newspaper\newspaper\newspaper.cpp(1535): warning C4305: 'argument': truncation from 'double' to 'GLfloat'
c:\users\aulick\source\repos\newspaper\newspaper\newspaper.cpp(1536): warning C4305: 'argument': truncation from 'double' to 'GLfloat'
c:\users\aulick\source\repos\newspaper\newspaper\newspaper.cpp(1537): warning C4305: 'argument': truncation from 'double' to 'GLfloat'
c:\users\aulick\source\repos\newspaper\newspaper\newspaper.cpp(1542): warning C4305: 'argument': truncation from 'double' to 'GLfloat'
c:\users\aulick\source\repos\newspaper\newspaper\newspaper.cpp(1543): warning C4305: 'argument': truncation from 'double' to 'GLfloat'
c:\users\aulick\source\repos\newspaper\newspaper\newspaper.cpp(1544): warning C4305: 'argument': truncation from 'double' to 'GLfloat'
c:\users\aulick\source\repos\newspaper\newspaper\newspaper.cpp(1545): warning C4305: 'argument': truncation from 'double' to 'GLfloat'
c:\users\aulick\source\repos\newspaper\newspaper\newspaper.cpp(1550): warning C4305: 'argument': truncation from 'double' to 'GLfloat'
c:\users\aulick\source\repos\newspaper\newspaper\newspaper.cpp(1551): warning C4305: 'argument': truncation from 'double' to 'GLfloat'
c:\users\aulick\source\repos\newspaper\newspaper\newspaper.cpp(1552): warning C4305: 'argument': truncation from 'double' to 'GLfloat'
c:\users\aulick\source\repos\newspaper\newspaper\newspaper.cpp(1553): warning C4305: 'argument': truncation from 'double' to 'GLfloat'
c:\users\aulick\source\repos\newspaper\newspaper\newspaper.cpp(1565): warning C4305: 'argument': truncation from 'double' to 'GLfloat'
c:\users\aulick\source\repos\newspaper\newspaper\newspaper.cpp(1566): warning C4305: 'argument': truncation from 'double' to 'GLfloat'
c:\users\aulick\source\repos\newspaper\newspaper\newspaper.cpp(1567): warning C4305: 'argument': truncation from 'double' to 'GLfloat'
c:\users\aulick\source\repos\newspaper\newspaper\newspaper.cpp(1568): warning C4305: 'argument': truncation from 'double' to 'GLfloat'
c:\users\aulick\source\repos\newspaper\newspaper\newspaper.cpp(1570): warning C4305: 'argument': truncation from 'double' to 'GLfloat'
c:\users\aulick\source\repos\newspaper\newspaper\newspaper.cpp(1571): warning C4305: 'argument': truncation from 'double' to 'GLfloat'
c:\users\aulick\source\repos\newspaper\newspaper\newspaper.cpp(1572): warning C4305: 'argument': truncation from 'double' to 'GLfloat'
c:\users\aulick\source\repos\newspaper\newspaper\newspaper.cpp(1573): warning C4305: 'argument': truncation from 'double' to 'GLfloat'
c:\users\aulick\source\repos\newspaper\newspaper\newspaper.cpp(1574): warning C4305: 'argument': truncation from 'double' to 'GLfloat'
c:\users\aulick\source\repos\newspaper\newspaper\newspaper.cpp(1575): warning C4305: 'argument': truncation from 'double' to 'GLfloat'
c:\users\aulick\source\repos\newspaper\newspaper\newspaper.cpp(1679): warning C4305: 'argument': truncation from 'double' to 'GLfloat'
c:\users\aulick\source\repos\newspaper\newspaper\newspaper.cpp(1681): warning C4305: 'argument': truncation from 'double' to 'GLfloat'
c:\users\aulick\source\repos\newspaper\newspaper\newspaper.cpp(1694): warning C4305: 'argument': truncation from 'double' to 'GLfloat'
c:\users\aulick\source\repos\newspaper\newspaper\newspaper.cpp(1697): warning C4305: 'argument': truncation from 'double' to 'GLfloat'
c:\users\aulick\source\repos\newspaper\newspaper\newspaper.cpp(1702): warning C4305: 'argument': truncation from 'double' to 'GLfloat'
c:\users\aulick\source\repos\newspaper\newspaper\newspaper.cpp(1706): warning C4305: 'argument': truncation from 'double' to 'GLfloat'
c:\users\aulick\source\repos\newspaper\newspaper\newspaper.cpp(1711): warning C4305: 'argument': truncation from 'double' to 'GLfloat'
c:\users\aulick\source\repos\newspaper\newspaper\newspaper.cpp(1714): warning C4305: 'argument': truncation from 'double' to 'GLfloat'
c:\users\aulick\source\repos\newspaper\newspaper\newspaper.cpp(1715): warning C4305: 'argument': truncation from 'double' to 'GLfloat'
c:\users\aulick\source\repos\newspaper\newspaper\newspaper.cpp(1720): warning C4305: 'argument': truncation from 'double' to 'GLfloat'
c:\users\aulick\source\repos\newspaper\newspaper\newspaper.cpp(1723): warning C4305: 'argument': truncation from 'double' to 'GLfloat'
c:\users\aulick\source\repos\newspaper\newspaper\newspaper.cpp(1724): warning C4305: 'argument': truncation from 'double' to 'GLfloat'
c:\users\aulick\source\repos\newspaper\newspaper\newspaper.cpp(1729): warning C4305: 'argument': truncation from 'double' to 'GLfloat'
c:\users\aulick\source\repos\newspaper\newspaper\newspaper.cpp(1732): warning C4305: 'argument': truncation from 'double' to 'GLfloat'
c:\users\aulick\source\repos\newspaper\newspaper\newspaper.cpp(1733): warning C4305: 'argument': truncation from 'double' to 'GLfloat'
c:\users\aulick\source\repos\newspaper\newspaper\newspaper.cpp(1739): warning C4244: 'argument': conversion from 'GLdouble' to 'GLfloat', possible loss of data
c:\users\aulick\source\repos\newspaper\newspaper\newspaper.cpp(1743): warning C4305: 'argument': truncation from 'double' to 'GLfloat'
c:\users\aulick\source\repos\newspaper\newspaper\newspaper.cpp(1744): warning C4305: 'argument': truncation from 'double' to 'GLfloat'
c:\users\aulick\source\repos\newspaper\newspaper\newspaper.cpp(1750): warning C4244: 'argument': conversion from 'GLdouble' to 'GLfloat', possible loss of data
c:\users\aulick\source\repos\newspaper\newspaper\newspaper.cpp(1753): warning C4244: 'argument': conversion from 'GLint' to 'GLfloat', possible loss of data
c:\users\aulick\source\repos\newspaper\newspaper\newspaper.cpp(1754): warning C4305: 'argument': truncation from 'double' to 'GLfloat'
c:\users\aulick\source\repos\newspaper\newspaper\newspaper.cpp(1817): warning C4305: 'argument': truncation from 'double' to 'GLfloat'
c:\users\aulick\source\repos\newspaper\newspaper\newspaper.cpp(1819): warning C4305: 'argument': truncation from 'double' to 'GLfloat'
c:\users\aulick\source\repos\newspaper\newspaper\newspaper.cpp(1821): warning C4305: 'argument': truncation from 'double' to 'GLfloat'
c:\users\aulick\source\repos\newspaper\newspaper\newspaper.cpp(1823): warning C4305: 'argument': truncation from 'double' to 'GLfloat'
c:\users\aulick\source\repos\newspaper\newspaper\newspaper.cpp(1833): warning C4305: 'argument': truncation from 'double' to 'GLfloat'
c:\users\aulick\source\repos\newspaper\newspaper\newspaper.cpp(1835): warning C4305: 'argument': truncation from 'double' to 'GLfloat'
c:\users\aulick\source\repos\newspaper\newspaper\newspaper.cpp(1837): warning C4305: 'argument': truncation from 'double' to 'GLfloat'
c:\users\aulick\source\repos\newspaper\newspaper\newspaper.cpp(1839): warning C4305: 'argument': truncation from 'double' to 'GLfloat'
c:\users\aulick\source\repos\newspaper\newspaper\newspaper.cpp(1849): warning C4305: 'argument': truncation from 'double' to 'GLfloat'
c:\users\aulick\source\repos\newspaper\newspaper\newspaper.cpp(1851): warning C4305: 'argument': truncation from 'double' to 'GLfloat'
c:\users\aulick\source\repos\newspaper\newspaper\newspaper.cpp(1867): warning C4305: 'argument': truncation from 'double' to 'GLfloat'
c:\users\aulick\source\repos\newspaper\newspaper\newspaper.cpp(1869): warning C4305: 'argument': truncation from 'double' to 'GLfloat'
c:\users\aulick\source\repos\newspaper\newspaper\newspaper.cpp(1871): warning C4305: 'argument': truncation from 'double' to 'GLfloat'
c:\users\aulick\source\repos\newspaper\newspaper\newspaper.cpp(1873): warning C4305: 'argument': truncation from 'double' to 'GLfloat'
c:\users\aulick\source\repos\newspaper\newspaper\newspaper.cpp(1883): warning C4305: 'argument': truncation from 'double' to 'GLfloat'
c:\users\aulick\source\repos\newspaper\newspaper\newspaper.cpp(1885): warning C4305: 'argument': truncation from 'double' to 'GLfloat'
c:\users\aulick\source\repos\newspaper\newspaper\newspaper.cpp(1899): warning C4305: 'argument': truncation from 'double' to 'GLfloat'
c:\users\aulick\source\repos\newspaper\newspaper\newspaper.cpp(1901): warning C4305: 'argument': truncation from 'double' to 'GLfloat'
c:\users\aulick\source\repos\newspaper\newspaper\newspaper.cpp(1903): warning C4305: 'argument': truncation from 'double' to 'GLfloat'
c:\users\aulick\source\repos\newspaper\newspaper\newspaper.cpp(1905): warning C4305: 'argument': truncation from 'double' to 'GLfloat'
c:\users\aulick\source\repos\newspaper\newspaper\newspaper.cpp(1915): warning C4305: 'argument': truncation from 'double' to 'GLfloat'
c:\users\aulick\source\repos\newspaper\newspaper\newspaper.cpp(1917): warning C4305: 'argument': truncation from 'double' to 'GLfloat'
c:\users\aulick\source\repos\newspaper\newspaper\newspaper.cpp(1919): warning C4305: 'argument': truncation from 'double' to 'GLfloat'
c:\users\aulick\source\repos\newspaper\newspaper\newspaper.cpp(1921): warning C4305: 'argument': truncation from 'double' to 'GLfloat'
c:\users\aulick\source\repos\newspaper\newspaper\newspaper.cpp(1931): warning C4305: 'argument': truncation from 'double' to 'GLfloat'
c:\users\aulick\source\repos\newspaper\newspaper\newspaper.cpp(1932): warning C4305: 'argument': truncation from 'double' to 'GLfloat'
c:\users\aulick\source\repos\newspaper\newspaper\newspaper.cpp(1933): warning C4305: 'argument': truncation from 'double' to 'GLfloat'
c:\users\aulick\source\repos\newspaper\newspaper\newspaper.cpp(1934): warning C4305: 'argument': truncation from 'double' to 'GLfloat'
c:\users\aulick\source\repos\newspaper\newspaper\newspaper.cpp(1943): warning C4305: 'argument': truncation from 'double' to 'GLfloat'
c:\users\aulick\source\repos\newspaper\newspaper\newspaper.cpp(1945): warning C4305: 'argument': truncation from 'double' to 'GLfloat'
c:\users\aulick\source\repos\newspaper\newspaper\newspaper.cpp(1947): warning C4305: 'argument': truncation from 'double' to 'GLfloat'
c:\users\aulick\source\repos\newspaper\newspaper\newspaper.cpp(1949): warning C4305: 'argument': truncation from 'double' to 'GLfloat'
c:\users\aulick\source\repos\newspaper\newspaper\newspaper.cpp(1951): warning C4305: 'argument': truncation from 'double' to 'GLfloat'
c:\users\aulick\source\repos\newspaper\newspaper\newspaper.cpp(1959): warning C4305: 'argument': truncation from 'double' to 'GLfloat'
c:\users\aulick\source\repos\newspaper\newspaper\newspaper.cpp(1961): warning C4305: 'argument': truncation from 'double' to 'GLfloat'
c:\users\aulick\source\repos\newspaper\newspaper\newspaper.cpp(1963): warning C4305: 'argument': truncation from 'double' to 'GLfloat'
c:\users\aulick\source\repos\newspaper\newspaper\newspaper.cpp(1965): warning C4305: 'argument': truncation from 'double' to 'GLfloat'
c:\users\aulick\source\repos\newspaper\newspaper\newspaper.cpp(1967): warning C4305: 'argument': truncation from 'double' to 'GLfloat'
c:\users\aulick\source\repos\newspaper\newspaper\newspaper.cpp(1987): warning C4305: 'argument': truncation from 'double' to 'GLfloat'
c:\users\aulick\source\repos\newspaper\newspaper\newspaper.cpp(1995): warning C4305: 'argument': truncation from 'double' to 'GLfloat'
c:\users\aulick\source\repos\newspaper\newspaper\newspaper.cpp(1996): warning C4305: 'argument': truncation from 'double' to 'GLfloat'
c:\users\aulick\source\repos\newspaper\newspaper\newspaper.cpp(2003): warning C4305: 'argument': truncation from 'double' to 'GLfloat'
c:\users\aulick\source\repos\newspaper\newspaper\newspaper.cpp(2004): warning C4305: 'argument': truncation from 'double' to 'GLfloat'
c:\users\aulick\source\repos\newspaper\newspaper\newspaper.cpp(2012): warning C4305: 'argument': truncation from 'double' to 'GLfloat'
c:\users\aulick\source\repos\newspaper\newspaper\newspaper.cpp(2014): warning C4305: 'argument': truncation from 'double' to 'GLfloat'
c:\users\aulick\source\repos\newspaper\newspaper\newspaper.cpp(2027): warning C4305: 'argument': truncation from 'double' to 'GLfloat'
c:\users\aulick\source\repos\newspaper\newspaper\newspaper.cpp(2034): warning C4305: 'argument': truncation from 'double' to 'GLfloat'
c:\users\aulick\source\repos\newspaper\newspaper\newspaper.cpp(2035): warning C4305: 'argument': truncation from 'double' to 'GLfloat'
c:\users\aulick\source\repos\newspaper\newspaper\newspaper.cpp(2043): warning C4305: 'argument': truncation from 'double' to 'GLfloat'
c:\users\aulick\source\repos\newspaper\newspaper\newspaper.cpp(2052): warning C4305: 'argument': truncation from 'double' to 'GLfloat'
c:\users\aulick\source\repos\newspaper\newspaper\newspaper.cpp(2058): warning C4305: 'argument': truncation from 'double' to 'GLfloat'
c:\users\aulick\source\repos\newspaper\newspaper\newspaper.cpp(2064): warning C4305: 'argument': truncation from 'double' to 'GLfloat'
c:\users\aulick\source\repos\newspaper\newspaper\newspaper.cpp(2071): warning C4305: 'argument': truncation from 'double' to 'GLfloat'
c:\users\aulick\source\repos\newspaper\newspaper\newspaper.cpp(2072): warning C4305: 'argument': truncation from 'double' to 'GLfloat'
c:\users\aulick\source\repos\newspaper\newspaper\newspaper.cpp(2078): warning C4305: 'argument': truncation from 'double' to 'GLfloat'
c:\users\aulick\source\repos\newspaper\newspaper\newspaper.cpp(2079): warning C4305: 'argument': truncation from 'double' to 'GLfloat'
c:\users\aulick\source\repos\newspaper\newspaper\newspaper.cpp(2086): warning C4305: 'argument': truncation from 'double' to 'GLfloat'
c:\users\aulick\source\repos\newspaper\newspaper\newspaper.cpp(2087): warning C4305: 'argument': truncation from 'double' to 'GLfloat'
c:\users\aulick\source\repos\newspaper\newspaper\newspaper.cpp(2094): warning C4305: 'argument': truncation from 'double' to 'GLfloat'
c:\users\aulick\source\repos\newspaper\newspaper\newspaper.cpp(2095): warning C4305: 'argument': truncation from 'double' to 'GLfloat'
c:\users\aulick\source\repos\newspaper\newspaper\newspaper.cpp(2100): warning C4305: 'argument': truncation from 'double' to 'GLfloat'
c:\users\aulick\source\repos\newspaper\newspaper\newspaper.cpp(2101): warning C4305: 'argument': truncation from 'double' to 'GLfloat'
c:\users\aulick\source\repos\newspaper\newspaper\newspaper.cpp(2107): warning C4305: 'argument': truncation from 'double' to 'GLfloat'
c:\users\aulick\source\repos\newspaper\newspaper\newspaper.cpp(2108): warning C4305: 'argument': truncation from 'double' to 'GLfloat'
c:\users\aulick\source\repos\newspaper\newspaper\newspaper.cpp(2117): warning C4305: 'argument': truncation from 'double' to 'GLfloat'
c:\users\aulick\source\repos\newspaper\newspaper\newspaper.cpp(2118): warning C4305: 'argument': truncation from 'double' to 'GLfloat'
c:\users\aulick\source\repos\newspaper\newspaper\newspaper.cpp(2214): warning C4305: 'argument': truncation from 'double' to 'GLfloat'
c:\users\aulick\source\repos\newspaper\newspaper\newspaper.cpp(2216): warning C4305: 'argument': truncation from 'double' to 'GLfloat'
c:\users\aulick\source\repos\newspaper\newspaper\newspaper.cpp(2218): warning C4305: 'argument': truncation from 'double' to 'GLfloat'
c:\users\aulick\source\repos\newspaper\newspaper\newspaper.cpp(2220): warning C4305: 'argument': truncation from 'double' to 'GLfloat'
c:\users\aulick\source\repos\newspaper\newspaper\newspaper.cpp(2230): warning C4305: 'argument': truncation from 'double' to 'GLfloat'
c:\users\aulick\source\repos\newspaper\newspaper\newspaper.cpp(2232): warning C4305: 'argument': truncation from 'double' to 'GLfloat'
c:\users\aulick\source\repos\newspaper\newspaper\newspaper.cpp(2234): warning C4305: 'argument': truncation from 'double' to 'GLfloat'
c:\users\aulick\source\repos\newspaper\newspaper\newspaper.cpp(2236): warning C4305: 'argument': truncation from 'double' to 'GLfloat'
c:\users\aulick\source\repos\newspaper\newspaper\newspaper.cpp(2246): warning C4305: 'argument': truncation from 'double' to 'GLfloat'
c:\users\aulick\source\repos\newspaper\newspaper\newspaper.cpp(2248): warning C4305: 'argument': truncation from 'double' to 'GLfloat'
c:\users\aulick\source\repos\newspaper\newspaper\newspaper.cpp(2250): warning C4305: 'argument': truncation from 'double' to 'GLfloat'
c:\users\aulick\source\repos\newspaper\newspaper\newspaper.cpp(2252): warning C4305: 'argument': truncation from 'double' to 'GLfloat'
c:\users\aulick\source\repos\newspaper\newspaper\newspaper.cpp(2268): warning C4305: 'argument': truncation from 'double' to 'GLfloat'
c:\users\aulick\source\repos\newspaper\newspaper\newspaper.cpp(2270): warning C4305: 'argument': truncation from 'double' to 'GLfloat'
c:\users\aulick\source\repos\newspaper\newspaper\newspaper.cpp(2281): warning C4305: 'argument': truncation from 'double' to 'GLfloat'
c:\users\aulick\source\repos\newspaper\newspaper\newspaper.cpp(2282): warning C4305: 'argument': truncation from 'double' to 'GLfloat'
c:\users\aulick\source\repos\newspaper\newspaper\newspaper.cpp(2288): warning C4305: 'argument': truncation from 'double' to 'GLfloat'
c:\users\aulick\source\repos\newspaper\newspaper\newspaper.cpp(2289): warning C4305: 'argument': truncation from 'double' to 'GLfloat'
c:\users\aulick\source\repos\newspaper\newspaper\newspaper.cpp(2290): warning C4305: 'argument': truncation from 'double' to 'GLfloat'
c:\users\aulick\source\repos\newspaper\newspaper\newspaper.cpp(2291): warning C4305: 'argument': truncation from 'double' to 'GLfloat'
c:\users\aulick\source\repos\newspaper\newspaper\newspaper.cpp(2296): warning C4305: 'argument': truncation from 'double' to 'GLfloat'
c:\users\aulick\source\repos\newspaper\newspaper\newspaper.cpp(2297): warning C4305: 'argument': truncation from 'double' to 'GLfloat'
c:\users\aulick\source\repos\newspaper\newspaper\newspaper.cpp(2298): warning C4305: 'argument': truncation from 'double' to 'GLfloat'
c:\users\aulick\source\repos\newspaper\newspaper\newspaper.cpp(2299): warning C4305: 'argument': truncation from 'double' to 'GLfloat'
c:\users\aulick\source\repos\newspaper\newspaper\newspaper.cpp(2304): warning C4305: 'argument': truncation from 'double' to 'GLfloat'
c:\users\aulick\source\repos\newspaper\newspaper\newspaper.cpp(2305): warning C4305: 'argument': truncation from 'double' to 'GLfloat'
c:\users\aulick\source\repos\newspaper\newspaper\newspaper.cpp(2306): warning C4305: 'argument': truncation from 'double' to 'GLfloat'
c:\users\aulick\source\repos\newspaper\newspaper\newspaper.cpp(2307): warning C4305: 'argument': truncation from 'double' to 'GLfloat'
c:\users\aulick\source\repos\newspaper\newspaper\newspaper.cpp(2312): warning C4305: 'argument': truncation from 'double' to 'GLfloat'
c:\users\aulick\source\repos\newspaper\newspaper\newspaper.cpp(2313): warning C4305: 'argument': truncation from 'double' to 'GLfloat'
c:\users\aulick\source\repos\newspaper\newspaper\newspaper.cpp(2314): warning C4305: 'argument': truncation from 'double' to 'GLfloat'
c:\users\aulick\source\repos\newspaper\newspaper\newspaper.cpp(2315): warning C4305: 'argument': truncation from 'double' to 'GLfloat'
c:\users\aulick\source\repos\newspaper\newspaper\newspaper.cpp(2320): warning C4305: 'argument': truncation from 'double' to 'GLfloat'
c:\users\aulick\source\repos\newspaper\newspaper\newspaper.cpp(2321): warning C4305: 'argument': truncation from 'double' to 'GLfloat'
c:\users\aulick\source\repos\newspaper\newspaper\newspaper.cpp(2322): warning C4305: 'argument': truncation from 'double' to 'GLfloat'
c:\users\aulick\source\repos\newspaper\newspaper\newspaper.cpp(2323): warning C4305: 'argument': truncation from 'double' to 'GLfloat'
c:\users\aulick\source\repos\newspaper\newspaper\newspaper.cpp(2341): warning C4305: 'argument': truncation from 'double' to 'GLfloat'
c:\users\aulick\source\repos\newspaper\newspaper\newspaper.cpp(2353): warning C4305: 'argument': truncation from 'double' to 'GLfloat'
c:\users\aulick\source\repos\newspaper\newspaper\newspaper.cpp(2365): warning C4305: 'argument': truncation from 'double' to 'GLfloat'
c:\users\aulick\source\repos\newspaper\newspaper\newspaper.cpp(2377): warning C4305: 'argument': truncation from 'double' to 'GLfloat'
c:\users\aulick\source\repos\newspaper\newspaper\newspaper.cpp(2391): warning C4305: 'argument': truncation from 'double' to 'GLfloat'
c:\users\aulick\source\repos\newspaper\newspaper\newspaper.cpp(2401): warning C4305: 'argument': truncation from 'double' to 'GLfloat'
c:\users\aulick\source\repos\newspaper\newspaper\newspaper.cpp(2404): warning C4305: 'argument': truncation from 'double' to 'GLfloat'
c:\users\aulick\source\repos\newspaper\newspaper\newspaper.cpp(2414): warning C4305: 'argument': truncation from 'double' to 'GLfloat'
c:\users\aulick\source\repos\newspaper\newspaper\newspaper.cpp(2416): warning C4305: 'argument': truncation from 'double' to 'GLfloat'
c:\users\aulick\source\repos\newspaper\newspaper\newspaper.cpp(2426): warning C4305: 'argument': truncation from 'double' to 'GLfloat'
c:\users\aulick\source\repos\newspaper\newspaper\newspaper.cpp(2429): warning C4305: 'argument': truncation from 'double' to 'GLfloat'
c:\users\aulick\source\repos\newspaper\newspaper\newspaper.cpp(2443): warning C4305: 'argument': truncation from 'double' to 'GLfloat'
c:\users\aulick\source\repos\newspaper\newspaper\newspaper.cpp(2457): warning C4305: 'argument': truncation from 'double' to 'GLfloat'
c:\users\aulick\source\repos\newspaper\newspaper\newspaper.cpp(2469): warning C4305: 'argument': truncation from 'double' to 'GLfloat'
c:\users\aulick\source\repos\newspaper\newspaper\newspaper.cpp(2471): warning C4305: 'argument': truncation from 'double' to 'GLfloat'
c:\users\aulick\source\repos\newspaper\newspaper\newspaper.cpp(2481): warning C4305: 'argument': truncation from 'double' to 'GLfloat'
c:\users\aulick\source\repos\newspaper\newspaper\newspaper.cpp(2483): warning C4305: 'argument': truncation from 'double' to 'GLfloat'
c:\users\aulick\source\repos\newspaper\newspaper\newspaper.cpp(2493): warning C4305: 'argument': truncation from 'double' to 'GLfloat'
c:\users\aulick\source\repos\newspaper\newspaper\newspaper.cpp(2495): warning C4305: 'argument': truncation from 'double' to 'GLfloat'
c:\users\aulick\source\repos\newspaper\newspaper\newspaper.cpp(2504): warning C4305: 'argument': truncation from 'double' to 'GLfloat'
c:\users\aulick\source\repos\newspaper\newspaper\newspaper.cpp(2506): warning C4305: 'argument': truncation from 'double' to 'GLfloat'
c:\users\aulick\source\repos\newspaper\newspaper\newspaper.cpp(2524): warning C4305: 'argument': truncation from 'double' to 'GLfloat'
c:\users\aulick\source\repos\newspaper\newspaper\newspaper.cpp(2531): warning C4305: 'argument': truncation from 'double' to 'GLfloat'
c:\users\aulick\source\repos\newspaper\newspaper\newspaper.cpp(2593): warning C4305: 'argument': truncation from 'double' to 'GLfloat'
c:\users\aulick\source\repos\newspaper\newspaper\newspaper.cpp(2594): warning C4305: 'argument': truncation from 'double' to 'GLfloat'
c:\users\aulick\source\repos\newspaper\newspaper\newspaper.cpp(2595): warning C4305: 'argument': truncation from 'double' to 'GLfloat'
c:\users\aulick\source\repos\newspaper\newspaper\newspaper.cpp(2601): warning C4305: 'argument': truncation from 'double' to 'GLfloat'
c:\users\aulick\source\repos\newspaper\newspaper\newspaper.cpp(2602): warning C4305: 'argument': truncation from 'double' to 'GLfloat'
c:\users\aulick\source\repos\newspaper\newspaper\newspaper.cpp(2603): warning C4305: 'argument': truncation from 'double' to 'GLfloat'
c:\users\aulick\source\repos\newspaper\newspaper\newspaper.cpp(2609): warning C4305: 'argument': truncation from 'double' to 'GLfloat'
c:\users\aulick\source\repos\newspaper\newspaper\newspaper.cpp(2610): warning C4305: 'argument': truncation from 'double' to 'GLfloat'
c:\users\aulick\source\repos\newspaper\newspaper\newspaper.cpp(2611): warning C4305: 'argument': truncation from 'double' to 'GLfloat'
c:\users\aulick\source\repos\newspaper\newspaper\newspaper.cpp(2617): warning C4305: 'argument': truncation from 'double' to 'GLfloat'
c:\users\aulick\source\repos\newspaper\newspaper\newspaper.cpp(2618): warning C4305: 'argument': truncation from 'double' to 'GLfloat'
c:\users\aulick\source\repos\newspaper\newspaper\newspaper.cpp(2619): warning C4305: 'argument': truncation from 'double' to 'GLfloat'
c:\users\aulick\source\repos\newspaper\newspaper\newspaper.cpp(2627): warning C4305: 'argument': truncation from 'double' to 'GLfloat'
c:\users\aulick\source\repos\newspaper\newspaper\newspaper.cpp(2629): warning C4305: 'argument': truncation from 'double' to 'GLfloat'
c:\users\aulick\source\repos\newspaper\newspaper\newspaper.cpp(2630): warning C4305: 'argument': truncation from 'double' to 'GLfloat'
c:\users\aulick\source\repos\newspaper\newspaper\newspaper.cpp(2635): warning C4305: 'argument': truncation from 'double' to 'GLfloat'
c:\users\aulick\source\repos\newspaper\newspaper\newspaper.cpp(2637): warning C4305: 'argument': truncation from 'double' to 'GLfloat'
c:\users\aulick\source\repos\newspaper\newspaper\newspaper.cpp(2638): warning C4305: 'argument': truncation from 'double' to 'GLfloat'
c:\users\aulick\source\repos\newspaper\newspaper\newspaper.cpp(2642): warning C4305: 'argument': truncation from 'double' to 'GLfloat'
c:\users\aulick\source\repos\newspaper\newspaper\newspaper.cpp(2644): warning C4305: 'argument': truncation from 'double' to 'GLfloat'
c:\users\aulick\source\repos\newspaper\newspaper\newspaper.cpp(2645): warning C4305: 'argument': truncation from 'double' to 'GLfloat'
c:\users\aulick\source\repos\newspaper\newspaper\newspaper.cpp(2650): warning C4305: 'argument': truncation from 'double' to 'GLfloat'
c:\users\aulick\source\repos\newspaper\newspaper\newspaper.cpp(2652): warning C4305: 'argument': truncation from 'double' to 'GLfloat'
c:\users\aulick\source\repos\newspaper\newspaper\newspaper.cpp(2653): warning C4305: 'argument': truncation from 'double' to 'GLfloat'
c:\users\aulick\source\repos\newspaper\newspaper\newspaper.cpp(2661): warning C4305: 'argument': truncation from 'double' to 'GLfloat'
c:\users\aulick\source\repos\newspaper\newspaper\newspaper.cpp(2662): warning C4305: 'argument': truncation from 'double' to 'GLfloat'
c:\users\aulick\source\repos\newspaper\newspaper\newspaper.cpp(2669): warning C4305: 'argument': truncation from 'double' to 'GLfloat'
c:\users\aulick\source\repos\newspaper\newspaper\newspaper.cpp(2670): warning C4305: 'argument': truncation from 'double' to 'GLfloat'
c:\users\aulick\source\repos\newspaper\newspaper\newspaper.cpp(2677): warning C4305: 'argument': truncation from 'double' to 'GLfloat'
c:\users\aulick\source\repos\newspaper\newspaper\newspaper.cpp(2678): warning C4305: 'argument': truncation from 'double' to 'GLfloat'
c:\users\aulick\source\repos\newspaper\newspaper\newspaper.cpp(2685): warning C4305: 'argument': truncation from 'double' to 'GLfloat'
c:\users\aulick\source\repos\newspaper\newspaper\newspaper.cpp(2686): warning C4305: 'argument': truncation from 'double' to 'GLfloat'
c:\users\aulick\source\repos\newspaper\newspaper\newspaper.cpp(2693): warning C4305: 'argument': truncation from 'double' to 'GLfloat'
c:\users\aulick\source\repos\newspaper\newspaper\newspaper.cpp(2694): warning C4305: 'argument': truncation from 'double' to 'GLfloat'
c:\users\aulick\source\repos\newspaper\newspaper\newspaper.cpp(2701): warning C4305: 'argument': truncation from 'double' to 'GLfloat'
c:\users\aulick\source\repos\newspaper\newspaper\newspaper.cpp(2702): warning C4305: 'argument': truncation from 'double' to 'GLfloat'
c:\users\aulick\source\repos\newspaper\newspaper\newspaper.cpp(2709): warning C4305: 'argument': truncation from 'double' to 'GLfloat'
c:\users\aulick\source\repos\newspaper\newspaper\newspaper.cpp(2710): warning C4305: 'argument': truncation from 'double' to 'GLfloat'
c:\users\aulick\source\repos\newspaper\newspaper\newspaper.cpp(2738): warning C4305: 'argument': truncation from 'double' to 'GLfloat'
c:\users\aulick\source\repos\newspaper\newspaper\newspaper.cpp(2740): warning C4305: 'argument': truncation from 'double' to 'GLfloat'
c:\users\aulick\source\repos\newspaper\newspaper\newspaper.cpp(2741): warning C4305: 'argument': truncation from 'double' to 'GLfloat'
c:\users\aulick\source\repos\newspaper\newspaper\newspaper.cpp(2746): warning C4305: 'argument': truncation from 'double' to 'GLfloat'
c:\users\aulick\source\repos\newspaper\newspaper\newspaper.cpp(2748): warning C4305: 'argument': truncation from 'double' to 'GLfloat'
c:\users\aulick\source\repos\newspaper\newspaper\newspaper.cpp(2749): warning C4305: 'argument': truncation from 'double' to 'GLfloat'
c:\users\aulick\source\repos\newspaper\newspaper\newspaper.cpp(2754): warning C4305: 'argument': truncation from 'double' to 'GLfloat'
c:\users\aulick\source\repos\newspaper\newspaper\newspaper.cpp(2756): warning C4305: 'argument': truncation from 'double' to 'GLfloat'
c:\users\aulick\source\repos\newspaper\newspaper\newspaper.cpp(2757): warning C4305: 'argument': truncation from 'double' to 'GLfloat'
c:\users\aulick\source\repos\newspaper\newspaper\newspaper.cpp(2762): warning C4305: 'argument': truncation from 'double' to 'GLfloat'
c:\users\aulick\source\repos\newspaper\newspaper\newspaper.cpp(2764): warning C4305: 'argument': truncation from 'double' to 'GLfloat'
c:\users\aulick\source\repos\newspaper\newspaper\newspaper.cpp(2765): warning C4305: 'argument': truncation from 'double' to 'GLfloat'
c:\users\aulick\source\repos\newspaper\newspaper\newspaper.cpp(2773): warning C4305: 'argument': truncation from 'double' to 'GLfloat'
c:\users\aulick\source\repos\newspaper\newspaper\newspaper.cpp(2774): warning C4305: 'argument': truncation from 'double' to 'GLfloat'
c:\users\aulick\source\repos\newspaper\newspaper\newspaper.cpp(2781): warning C4305: 'argument': truncation from 'double' to 'GLfloat'
c:\users\aulick\source\repos\newspaper\newspaper\newspaper.cpp(2782): warning C4305: 'argument': truncation from 'double' to 'GLfloat'
c:\users\aulick\source\repos\newspaper\newspaper\newspaper.cpp(2789): warning C4305: 'argument': truncation from 'double' to 'GLfloat'
c:\users\aulick\source\repos\newspaper\newspaper\newspaper.cpp(2790): warning C4305: 'argument': truncation from 'double' to 'GLfloat'
c:\users\aulick\source\repos\newspaper\newspaper\newspaper.cpp(2797): warning C4305: 'argument': truncation from 'double' to 'GLfloat'
c:\users\aulick\source\repos\newspaper\newspaper\newspaper.cpp(2798): warning C4305: 'argument': truncation from 'double' to 'GLfloat'
c:\users\aulick\source\repos\newspaper\newspaper\newspaper.cpp(2805): warning C4305: 'argument': truncation from 'double' to 'GLfloat'
c:\users\aulick\source\repos\newspaper\newspaper\newspaper.cpp(2806): warning C4305: 'argument': truncation from 'double' to 'GLfloat'
c:\users\aulick\source\repos\newspaper\newspaper\newspaper.cpp(2813): warning C4305: 'argument': truncation from 'double' to 'GLfloat'
c:\users\aulick\source\repos\newspaper\newspaper\newspaper.cpp(2814): warning C4305: 'argument': truncation from 'double' to 'GLfloat'
c:\users\aulick\source\repos\newspaper\newspaper\newspaper.cpp(2821): warning C4305: 'argument': truncation from 'double' to 'GLfloat'
c:\users\aulick\source\repos\newspaper\newspaper\newspaper.cpp(2822): warning C4305: 'argument': truncation from 'double' to 'GLfloat'
c:\users\aulick\source\repos\newspaper\newspaper\newspaper.cpp(2859): warning C4305: 'argument': truncation from 'double' to 'float'
c:\users\aulick\source\repos\newspaper\newspaper\newspaper.cpp(2876): warning C4305: 'argument': truncation from 'double' to 'GLfloat'
c:\users\aulick\source\repos\newspaper\newspaper\newspaper.cpp(2876): warning C4244: 'argument': conversion from 'GLdouble' to 'GLfloat', possible loss of data
c:\users\aulick\source\repos\newspaper\newspaper\newspaper.cpp(2921): warning C4326: return type of 'main' should be 'int' instead of 'void'
c:\users\aulick\source\repos\newspaper\newspaper\newspaper.cpp(2935): warning C4305: 'argument': truncation from 'double' to 'GLclampf'
  Newspaper.vcxproj -> C:\Users\Aulick\source\repos\Newspaper\Debug\Newspaper.exe
